2024-11-11 12:13:01,322 - pika.adapters.utils.connection_workflow - INFO - Pika version 1.3.1 connecting to ('::1', 5672, 0, 0)
2024-11-11 12:13:01,324 - pika.adapters.utils.io_services_utils - INFO - Socket connected: <socket.socket fd=848, family=AddressFamily.AF_INET6, type=SocketKind.SOCK_STREAM, proto=6, laddr=('::1', 59543, 0, 0), raddr=('::1', 5672, 0, 0)>
2024-11-11 12:13:01,325 - pika.adapters.utils.connection_workflow - INFO - Streaming transport linked up: (<pika.adapters.utils.io_services_utils._AsyncPlaintextTransport object at 0x00000115D80B1B10>, _StreamingProtocolShim: <SelectConnection PROTOCOL transport=<pika.adapters.utils.io_services_utils._AsyncPlaintextTransport object at 0x00000115D80B1B10> params=<ConnectionParameters host=localhost port=5672 virtual_host=/ ssl=False>>).
2024-11-11 12:13:01,330 - pika.adapters.utils.connection_workflow - INFO - AMQPConnector - reporting success: <SelectConnection OPEN transport=<pika.adapters.utils.io_services_utils._AsyncPlaintextTransport object at 0x00000115D80B1B10> params=<ConnectionParameters host=localhost port=5672 virtual_host=/ ssl=False>>
2024-11-11 12:13:01,331 - pika.adapters.utils.connection_workflow - INFO - AMQPConnectionWorkflow - reporting success: <SelectConnection OPEN transport=<pika.adapters.utils.io_services_utils._AsyncPlaintextTransport object at 0x00000115D80B1B10> params=<ConnectionParameters host=localhost port=5672 virtual_host=/ ssl=False>>
2024-11-11 12:13:01,331 - pika.adapters.blocking_connection - INFO - Connection workflow succeeded: <SelectConnection OPEN transport=<pika.adapters.utils.io_services_utils._AsyncPlaintextTransport object at 0x00000115D80B1B10> params=<ConnectionParameters host=localhost port=5672 virtual_host=/ ssl=False>>
2024-11-11 12:13:01,332 - pika.adapters.blocking_connection - INFO - Created channel=1
2024-11-11 12:13:01,335 - __main__ - INFO - Conexión establecida con RabbitMQ
2024-11-11 12:13:01,341 - __main__ - INFO - Iniciando consumo de mensajes...
2024-11-11 12:13:01,357 - werkzeug - INFO - [31m[1mWARNING: This is a development server. Do not use it in a production deployment. Use a production WSGI server instead.[0m
 * Running on http://localhost:5000
2024-11-11 12:13:01,357 - werkzeug - INFO - [33mPress CTRL+C to quit[0m
2024-11-11 12:13:15,372 - __main__ - INFO - ------------------------------
2024-11-11 12:13:15,372 - __main__ - INFO - Enviando
2024-11-11 12:13:15,373 - __main__ - INFO - d18@usfx.bo
2024-11-11 12:13:15,373 - __main__ - INFO - Bienvenido al Sistema de Cursos
2024-11-11 12:13:15,373 - __main__ - INFO - Hola dan18,

Gracias por registrarte en nuestro sistema.
2024-11-11 12:15:41,235 - __main__ - INFO - ------------------------------
2024-11-11 12:15:41,235 - __main__ - INFO - Enviando
2024-11-11 12:15:41,235 - __main__ - INFO - danielduran3141592@gmail.com
2024-11-11 12:15:41,235 - __main__ - INFO - Bienvenido al Sistema de Cursos
2024-11-11 12:15:41,235 - __main__ - INFO - Hola daniel314,

Gracias por registrarte en nuestro sistema.
2024-11-11 12:17:16,373 - pika.adapters.utils.connection_workflow - INFO - Pika version 1.3.1 connecting to ('::1', 5672, 0, 0)
2024-11-11 12:17:16,374 - pika.adapters.utils.io_services_utils - INFO - Socket connected: <socket.socket fd=812, family=AddressFamily.AF_INET6, type=SocketKind.SOCK_STREAM, proto=6, laddr=('::1', 59642, 0, 0), raddr=('::1', 5672, 0, 0)>
2024-11-11 12:17:16,376 - pika.adapters.utils.connection_workflow - INFO - Streaming transport linked up: (<pika.adapters.utils.io_services_utils._AsyncPlaintextTransport object at 0x0000022D4AE51F60>, _StreamingProtocolShim: <SelectConnection PROTOCOL transport=<pika.adapters.utils.io_services_utils._AsyncPlaintextTransport object at 0x0000022D4AE51F60> params=<ConnectionParameters host=localhost port=5672 virtual_host=/ ssl=False>>).
2024-11-11 12:17:16,384 - pika.adapters.utils.connection_workflow - INFO - AMQPConnector - reporting success: <SelectConnection OPEN transport=<pika.adapters.utils.io_services_utils._AsyncPlaintextTransport object at 0x0000022D4AE51F60> params=<ConnectionParameters host=localhost port=5672 virtual_host=/ ssl=False>>
2024-11-11 12:17:16,385 - pika.adapters.utils.connection_workflow - INFO - AMQPConnectionWorkflow - reporting success: <SelectConnection OPEN transport=<pika.adapters.utils.io_services_utils._AsyncPlaintextTransport object at 0x0000022D4AE51F60> params=<ConnectionParameters host=localhost port=5672 virtual_host=/ ssl=False>>
2024-11-11 12:17:16,385 - pika.adapters.blocking_connection - INFO - Connection workflow succeeded: <SelectConnection OPEN transport=<pika.adapters.utils.io_services_utils._AsyncPlaintextTransport object at 0x0000022D4AE51F60> params=<ConnectionParameters host=localhost port=5672 virtual_host=/ ssl=False>>
2024-11-11 12:17:16,386 - pika.adapters.blocking_connection - INFO - Created channel=1
2024-11-11 12:17:16,392 - __main__ - INFO - Conexión establecida con RabbitMQ
2024-11-11 12:17:16,450 - __main__ - INFO - Iniciando consumo de mensajes...
2024-11-11 12:17:16,518 - werkzeug - INFO - [31m[1mWARNING: This is a development server. Do not use it in a production deployment. Use a production WSGI server instead.[0m
 * Running on http://localhost:5000
2024-11-11 12:17:16,518 - werkzeug - INFO - [33mPress CTRL+C to quit[0m
2024-11-11 12:17:31,159 - __main__ - INFO - ------------------------------
2024-11-11 12:17:31,159 - __main__ - INFO - Enviando
2024-11-11 12:17:31,159 - __main__ - INFO - danielduran3141592@gmail.com
2024-11-11 12:17:31,159 - __main__ - INFO - Bienvenido al Sistema de Cursos
2024-11-11 12:17:31,159 - __main__ - INFO - Hola daniel314,

Gracias por registrarte en nuestro sistema.
2024-11-11 12:17:33,212 - __main__ - ERROR - Error al enviar email: (534, b'5.7.9 Application-specific password required. For more information, go to\n5.7.9  https://support.google.com/mail/?p=InvalidSecondFactor d9443c01a7336-21177e58399sm77287435ad.196 - gsmtp')
2024-11-11 12:17:33,217 - pika.channel - WARNING - Received remote Channel.Close (406): 'PRECONDITION_FAILED - unknown delivery tag 1' on <Channel number=1 OPEN conn=<SelectConnection OPEN transport=<pika.adapters.utils.io_services_utils._AsyncPlaintextTransport object at 0x0000022D4AE51F60> params=<ConnectionParameters host=localhost port=5672 virtual_host=/ ssl=False>>>
2024-11-11 12:17:33,218 - __main__ - ERROR - Error en el consumo de mensajes: (406, 'PRECONDITION_FAILED - unknown delivery tag 1')
2024-11-11 12:22:38,817 - pika.adapters.utils.connection_workflow - INFO - Pika version 1.3.1 connecting to ('::1', 5672, 0, 0)
2024-11-11 12:22:38,818 - pika.adapters.utils.io_services_utils - INFO - Socket connected: <socket.socket fd=852, family=AddressFamily.AF_INET6, type=SocketKind.SOCK_STREAM, proto=6, laddr=('::1', 59793, 0, 0), raddr=('::1', 5672, 0, 0)>
2024-11-11 12:22:38,820 - pika.adapters.utils.connection_workflow - INFO - Streaming transport linked up: (<pika.adapters.utils.io_services_utils._AsyncPlaintextTransport object at 0x000001BC27361CF0>, _StreamingProtocolShim: <SelectConnection PROTOCOL transport=<pika.adapters.utils.io_services_utils._AsyncPlaintextTransport object at 0x000001BC27361CF0> params=<ConnectionParameters host=localhost port=5672 virtual_host=/ ssl=False>>).
2024-11-11 12:22:38,829 - pika.adapters.utils.connection_workflow - INFO - AMQPConnector - reporting success: <SelectConnection OPEN transport=<pika.adapters.utils.io_services_utils._AsyncPlaintextTransport object at 0x000001BC27361CF0> params=<ConnectionParameters host=localhost port=5672 virtual_host=/ ssl=False>>
2024-11-11 12:22:38,830 - pika.adapters.utils.connection_workflow - INFO - AMQPConnectionWorkflow - reporting success: <SelectConnection OPEN transport=<pika.adapters.utils.io_services_utils._AsyncPlaintextTransport object at 0x000001BC27361CF0> params=<ConnectionParameters host=localhost port=5672 virtual_host=/ ssl=False>>
2024-11-11 12:22:38,830 - pika.adapters.blocking_connection - INFO - Connection workflow succeeded: <SelectConnection OPEN transport=<pika.adapters.utils.io_services_utils._AsyncPlaintextTransport object at 0x000001BC27361CF0> params=<ConnectionParameters host=localhost port=5672 virtual_host=/ ssl=False>>
2024-11-11 12:22:38,831 - pika.adapters.blocking_connection - INFO - Created channel=1
2024-11-11 12:22:38,837 - __main__ - INFO - Conexión establecida con RabbitMQ
2024-11-11 12:22:38,848 - __main__ - INFO - Iniciando consumo de mensajes...
2024-11-11 12:22:38,874 - werkzeug - INFO - [31m[1mWARNING: This is a development server. Do not use it in a production deployment. Use a production WSGI server instead.[0m
 * Running on http://localhost:5000
2024-11-11 12:22:38,874 - werkzeug - INFO - [33mPress CTRL+C to quit[0m
2024-11-11 12:24:53,072 - __main__ - INFO - ------------------------------
2024-11-11 12:24:53,073 - __main__ - INFO - Enviando
2024-11-11 12:24:53,073 - __main__ - INFO - daniel.ad.dad9@gmail.com
2024-11-11 12:24:53,073 - __main__ - INFO - Bienvenido al Sistema de Cursos
2024-11-11 12:24:53,073 - __main__ - INFO - Hola daniel3115,

Gracias por registrarte en nuestro sistema.
2024-11-11 12:24:55,140 - __main__ - ERROR - Error al enviar email: (534, b'5.7.9 Application-specific password required. For more information, go to\n5.7.9  https://support.google.com/mail/?p=InvalidSecondFactor d2e1a72fcca58-72407863dd8sm9592975b3a.26 - gsmtp')
2024-11-11 12:24:55,141 - __main__ - INFO - False
2024-11-11 12:27:00,640 - pika.adapters.utils.connection_workflow - INFO - Pika version 1.3.1 connecting to ('::1', 5672, 0, 0)
2024-11-11 12:27:00,641 - pika.adapters.utils.io_services_utils - INFO - Socket connected: <socket.socket fd=600, family=AddressFamily.AF_INET6, type=SocketKind.SOCK_STREAM, proto=6, laddr=('::1', 59921, 0, 0), raddr=('::1', 5672, 0, 0)>
2024-11-11 12:27:00,642 - pika.adapters.utils.connection_workflow - INFO - Streaming transport linked up: (<pika.adapters.utils.io_services_utils._AsyncPlaintextTransport object at 0x000001EFA6FE1CF0>, _StreamingProtocolShim: <SelectConnection PROTOCOL transport=<pika.adapters.utils.io_services_utils._AsyncPlaintextTransport object at 0x000001EFA6FE1CF0> params=<ConnectionParameters host=localhost port=5672 virtual_host=/ ssl=False>>).
2024-11-11 12:27:00,648 - pika.adapters.utils.connection_workflow - INFO - AMQPConnector - reporting success: <SelectConnection OPEN transport=<pika.adapters.utils.io_services_utils._AsyncPlaintextTransport object at 0x000001EFA6FE1CF0> params=<ConnectionParameters host=localhost port=5672 virtual_host=/ ssl=False>>
2024-11-11 12:27:00,648 - pika.adapters.utils.connection_workflow - INFO - AMQPConnectionWorkflow - reporting success: <SelectConnection OPEN transport=<pika.adapters.utils.io_services_utils._AsyncPlaintextTransport object at 0x000001EFA6FE1CF0> params=<ConnectionParameters host=localhost port=5672 virtual_host=/ ssl=False>>
2024-11-11 12:27:00,648 - pika.adapters.blocking_connection - INFO - Connection workflow succeeded: <SelectConnection OPEN transport=<pika.adapters.utils.io_services_utils._AsyncPlaintextTransport object at 0x000001EFA6FE1CF0> params=<ConnectionParameters host=localhost port=5672 virtual_host=/ ssl=False>>
2024-11-11 12:27:00,649 - pika.adapters.blocking_connection - INFO - Created channel=1
2024-11-11 12:27:00,654 - __main__ - INFO - Conexión establecida con RabbitMQ
2024-11-11 12:27:00,663 - __main__ - INFO - Iniciando consumo de mensajes...
2024-11-11 12:27:00,680 - werkzeug - INFO - [31m[1mWARNING: This is a development server. Do not use it in a production deployment. Use a production WSGI server instead.[0m
 * Running on http://localhost:5000
2024-11-11 12:27:00,680 - werkzeug - INFO - [33mPress CTRL+C to quit[0m
2024-11-11 12:27:24,412 - __main__ - INFO - ------------------------------
2024-11-11 12:27:24,413 - __main__ - INFO - Enviando
2024-11-11 12:27:24,413 - __main__ - INFO - daniel.ad.dad9@gmail.com
2024-11-11 12:27:24,413 - __main__ - INFO - Bienvenido al Sistema de Cursos
2024-11-11 12:27:24,413 - __main__ - INFO - Hola daniel3115,

Gracias por registrarte en nuestro sistema.
2024-11-11 12:27:27,588 - __main__ - INFO - Email enviado exitosamente a daniel.ad.dad9@gmail.com
2024-11-11 12:27:27,589 - __main__ - INFO - True
2024-11-11 12:29:26,119 - pika.adapters.utils.connection_workflow - INFO - Pika version 1.3.1 connecting to ('::1', 5672, 0, 0)
2024-11-11 12:29:26,120 - pika.adapters.utils.io_services_utils - INFO - Socket connected: <socket.socket fd=524, family=AddressFamily.AF_INET6, type=SocketKind.SOCK_STREAM, proto=6, laddr=('::1', 59964, 0, 0), raddr=('::1', 5672, 0, 0)>
2024-11-11 12:29:26,121 - pika.adapters.utils.connection_workflow - INFO - Streaming transport linked up: (<pika.adapters.utils.io_services_utils._AsyncPlaintextTransport object at 0x000001A39D2B1F60>, _StreamingProtocolShim: <SelectConnection PROTOCOL transport=<pika.adapters.utils.io_services_utils._AsyncPlaintextTransport object at 0x000001A39D2B1F60> params=<ConnectionParameters host=localhost port=5672 virtual_host=/ ssl=False>>).
2024-11-11 12:29:26,130 - pika.adapters.utils.connection_workflow - INFO - AMQPConnector - reporting success: <SelectConnection OPEN transport=<pika.adapters.utils.io_services_utils._AsyncPlaintextTransport object at 0x000001A39D2B1F60> params=<ConnectionParameters host=localhost port=5672 virtual_host=/ ssl=False>>
2024-11-11 12:29:26,130 - pika.adapters.utils.connection_workflow - INFO - AMQPConnectionWorkflow - reporting success: <SelectConnection OPEN transport=<pika.adapters.utils.io_services_utils._AsyncPlaintextTransport object at 0x000001A39D2B1F60> params=<ConnectionParameters host=localhost port=5672 virtual_host=/ ssl=False>>
2024-11-11 12:29:26,131 - pika.adapters.blocking_connection - INFO - Connection workflow succeeded: <SelectConnection OPEN transport=<pika.adapters.utils.io_services_utils._AsyncPlaintextTransport object at 0x000001A39D2B1F60> params=<ConnectionParameters host=localhost port=5672 virtual_host=/ ssl=False>>
2024-11-11 12:29:26,131 - pika.adapters.blocking_connection - INFO - Created channel=1
2024-11-11 12:29:26,135 - __main__ - INFO - Conexión establecida con RabbitMQ
2024-11-11 12:29:26,144 - __main__ - INFO - Iniciando consumo de mensajes...
2024-11-11 12:29:26,164 - werkzeug - INFO - [31m[1mWARNING: This is a development server. Do not use it in a production deployment. Use a production WSGI server instead.[0m
 * Running on http://localhost:5000
2024-11-11 12:29:26,164 - werkzeug - INFO - [33mPress CTRL+C to quit[0m
2024-11-11 12:32:19,630 - __main__ - INFO - ------------------------------
2024-11-11 12:32:19,630 - __main__ - INFO - Enviando
2024-11-11 12:32:19,630 - __main__ - INFO - daniel.ad.dad9@gmail.com
2024-11-11 12:32:19,630 - __main__ - INFO - Bienvenido al Sistema de Cursos
2024-11-11 12:32:19,630 - __main__ - INFO - Hola daniel3115,

Gracias por registrarte en nuestro sistema.
2024-11-11 12:32:23,008 - __main__ - INFO - Email enviado exitosamente a daniel.ad.dad9@gmail.com
2024-11-11 12:32:23,014 - pika.channel - WARNING - Received remote Channel.Close (406): 'PRECONDITION_FAILED - unknown delivery tag 1' on <Channel number=1 OPEN conn=<SelectConnection OPEN transport=<pika.adapters.utils.io_services_utils._AsyncPlaintextTransport object at 0x000001A39D2B1F60> params=<ConnectionParameters host=localhost port=5672 virtual_host=/ ssl=False>>>
2024-11-11 12:32:23,016 - __main__ - ERROR - Error en el consumo de mensajes: (406, 'PRECONDITION_FAILED - unknown delivery tag 1')
